<?xml version="1.0" encoding="UTF-8"?>
<testng-results ignored="0" total="1" passed="1" failed="0" skipped="0">
  <reporter-output>
  </reporter-output>
  <suite started-at="2023-06-21T15:54:01 EDT" name="PositiveLogInTestSuite" finished-at="2023-06-21T15:54:13 EDT" duration-ms="11946">
    <groups>
    </groups>
    <test started-at="2023-06-21T15:54:01 EDT" name="PositiveLogInTest" finished-at="2023-06-21T15:54:13 EDT" duration-ms="11946">
      <class name="com.herokuapp.theinternet.loginpagetests.PositiveLogInTests">
        <test-method is-config="true" signature="setUp(java.lang.reflect.Method,java.lang.String,org.testng.ITestContext)[pri:0, instance:com.herokuapp.theinternet.loginpagetests.PositiveLogInTests@5d534f5d]" started-at="2023-06-21T15:54:01 EDT" name="setUp" finished-at="2023-06-21T15:54:11 EDT" duration-ms="9627" status="PASS">
          <params>
            <param index="0">
              <value>
                <![CDATA[public void com.herokuapp.theinternet.loginpagetests.PositiveLogInTests.logInTest()]]>
              </value>
            </param>
            <param index="1">
              <value>
                <![CDATA[chrome]]>
              </value>
            </param>
            <param index="2">
              <value>
                <![CDATA[org.testng.TestRunner@459cfcca]]>
              </value>
            </param>
          </params>
          <reporter-output>
          </reporter-output>
        </test-method> <!-- setUp -->
        <test-method signature="logInTest()[pri:0, instance:com.herokuapp.theinternet.loginpagetests.PositiveLogInTests@5d534f5d]" started-at="2023-06-21T15:54:11 EDT" name="logInTest" finished-at="2023-06-21T15:54:13 EDT" duration-ms="1907" status="PASS">
          <reporter-output>
          </reporter-output>
        </test-method> <!-- logInTest -->
        <test-method is-config="true" signature="tearDown()[pri:0, instance:com.herokuapp.theinternet.loginpagetests.PositiveLogInTests@5d534f5d]" started-at="2023-06-21T15:54:13 EDT" name="tearDown" finished-at="2023-06-21T15:54:13 EDT" duration-ms="337" status="PASS">
          <reporter-output>
          </reporter-output>
        </test-method> <!-- tearDown -->
      </class> <!-- com.herokuapp.theinternet.loginpagetests.PositiveLogInTests -->
    </test> <!-- PositiveLogInTest -->
  </suite> <!-- PositiveLogInTestSuite -->
</testng-results>
